[0m[[0m[0mdebug[0m] [0m[0m> Exec(testOnly i2cHarnessTest -- -DwriteVcd=1, Some(ca88c6eb-4cbf-4c38-bf8a-eb7c02340a59), Some(CommandSource(console0)))[0m
[0m[[0m[0mdebug[0m] [0m[0mEvaluating tasks: Test / testOnly[0m
[0m[[0m[0mdebug[0m] [0m[0mRunning task... Cancel: Signal, check cycles: false, forcegc: true[0m
[0m[[0m[0minfo[0m] [0m[0mcompiling 4 Scala sources to /home/shahzaib/Desktop/I2C_CHISEL/target/scala-2.12/classes ...[0m
[0m[[0m[31merror[0m] [0m[0m/home/shahzaib/Desktop/I2C_CHISEL/src/main/scala/I2C_Top.scala:63:23: value intr_done is not a member of chisel3.Bundle{val start: chisel3.Bool; val addr: chisel3.UInt; val data: chisel3.UInt; val read_write: chisel3.Bool; val ack: chisel3.Bool; val data_ack: chisel3.Bool; val i2c_sda: chisel3.Bool; val i2c_scl: chisel3.Bool; val ready: chisel3.Bool; val stop: chisel3.Bool; val i2c_intr: chisel3.Bool}[0m
[0m[[0m[31merror[0m] [0m[0m    io.intr := i2c.io.intr_done[0m
[0m[[0m[31merror[0m] [0m[0m                      ^[0m
[0m[[0m[31merror[0m] [0m[0m/home/shahzaib/Desktop/I2C_CHISEL/src/main/scala/i2c.scala:3:8: not found: object caravan[0m
[0m[[0m[31merror[0m] [0m[0mimport caravan.bus.common.{BusConfig, AbstrRequest, AbstrResponse}[0m
[0m[[0m[31merror[0m] [0m[0m       ^[0m
[0m[[0m[31merror[0m] [0m[0m/home/shahzaib/Desktop/I2C_CHISEL/src/main/scala/i2c.scala:5:19: not found: type AbstrRequest[0m
[0m[[0m[31merror[0m] [0m[0mclass i2c(val req:AbstrRequest, val rsp:AbstrResponse)(implicit val config:BusConfig) extends Module {[0m
[0m[[0m[31merror[0m] [0m[0m                  ^[0m
[0m[[0m[31merror[0m] [0m[0m/home/shahzaib/Desktop/I2C_CHISEL/src/main/scala/i2c.scala:5:41: not found: type AbstrResponse[0m
[0m[[0m[31merror[0m] [0m[0mclass i2c(val req:AbstrRequest, val rsp:AbstrResponse)(implicit val config:BusConfig) extends Module {[0m
[0m[[0m[31merror[0m] [0m[0m                                        ^[0m
[0m[[0m[31merror[0m] [0m[0m/home/shahzaib/Desktop/I2C_CHISEL/src/main/scala/i2c.scala:5:76: not found: type BusConfig[0m
[0m[[0m[31merror[0m] [0m[0mclass i2c(val req:AbstrRequest, val rsp:AbstrResponse)(implicit val config:BusConfig) extends Module {[0m
[0m[[0m[31merror[0m] [0m[0m                                                                           ^[0m
[0m[[0m[31merror[0m] [0m[0m/home/shahzaib/Desktop/I2C_CHISEL/src/main/scala/i2cHarness.scala:1:8: not found: object caravan[0m
[0m[[0m[31merror[0m] [0m[0mimport caravan.bus.tilelink.{TLRequest, TLResponse, TilelinkConfig, TilelinkDevice, TilelinkHost}[0m
[0m[[0m[31merror[0m] [0m[0m       ^[0m
[0m[[0m[31merror[0m] [0m[0m/home/shahzaib/Desktop/I2C_CHISEL/src/main/scala/i2cHarness.scala:2:8: not found: object caravan[0m
[0m[[0m[31merror[0m] [0m[0mimport caravan.bus.wishbone.{WBRequest, WBResponse, WishboneConfig, WishboneDevice, WishboneHost}[0m
[0m[[0m[31merror[0m] [0m[0m       ^[0m
[0m[[0m[31merror[0m] [0m[0m/home/shahzaib/Desktop/I2C_CHISEL/src/main/scala/i2cHarness.scala:8:39: not found: type WishboneConfig[0m
[0m[[0m[31merror[0m] [0m[0mclass i2cHarness(implicit val config: WishboneConfig) extends Module {[0m
[0m[[0m[31merror[0m] [0m[0m                                      ^[0m
[0m[[0m[31merror[0m] [0m[0m/home/shahzaib/Desktop/I2C_CHISEL/src/main/scala/i2cHarness.scala:12:37: not found: type WBRequest[0m
[0m[[0m[31merror[0m] [0m[0m    val req = Flipped(Decoupled(new WBRequest()))[0m
[0m[[0m[31merror[0m] [0m[0m                                    ^[0m
[0m[[0m[31merror[0m] [0m[0m/home/shahzaib/Desktop/I2C_CHISEL/src/main/scala/i2cHarness.scala:13:29: not found: type WBResponse[0m
[0m[[0m[31merror[0m] [0m[0m    val rsp = Decoupled(new WBResponse())[0m
[0m[[0m[31merror[0m] [0m[0m                            ^[0m
[0m[[0m[31merror[0m] [0m[0m/home/shahzaib/Desktop/I2C_CHISEL/src/main/scala/i2cHarness.scala:22:32: not found: type WishboneHost[0m
[0m[[0m[31merror[0m] [0m[0m  val hostAdapter = Module(new WishboneHost())[0m
[0m[[0m[31merror[0m] [0m[0m                               ^[0m
[0m[[0m[31merror[0m] [0m[0m/home/shahzaib/Desktop/I2C_CHISEL/src/main/scala/i2cHarness.scala:23:34: not found: type WishboneDevice[0m
[0m[[0m[31merror[0m] [0m[0m  val deviceAdapter = Module(new WishboneDevice())[0m
[0m[[0m[31merror[0m] [0m[0m                                 ^[0m
[0m[[0m[31merror[0m] [0m[0m/home/shahzaib/Desktop/I2C_CHISEL/src/main/scala/i2cHarness.scala:24:40: not found: type WBRequest[0m
[0m[[0m[31merror[0m] [0m[0m  val i2c_wrapper = Module(new i2c(new WBRequest(), new WBResponse()))[0m
[0m[[0m[31merror[0m] [0m[0m                                       ^[0m
[0m[[0m[31merror[0m] [0m[0m/home/shahzaib/Desktop/I2C_CHISEL/src/main/scala/i2cHarness.scala:24:57: not found: type WBResponse[0m
[0m[[0m[31merror[0m] [0m[0m  val i2c_wrapper = Module(new i2c(new WBRequest(), new WBResponse()))[0m
[0m[[0m[31merror[0m] [0m[0m                                                        ^[0m
[0m[[0m[31merror[0m] [0m[0m14 errors found[0m
[0m[[0m[31merror[0m] [0m[0m(Compile / [31mcompileIncremental[0m) Compilation failed[0m
[0m[[0m[31merror[0m] [0m[0mTotal time: 37 s, completed Mar 28, 2022, 3:40:52 PM[0m
[0m[[0m[0mdebug[0m] [0m[0m> Exec(shell, None, None)[0m
